mktextfm pplr9e+20
mktextfm pplr9e-20
mktextfm pplr9e+20
mktextfm pplr9e-20
mktextfm pplr9e+20
mktextfm pplr9e-20
mktextfm ec-iwonar+20
mktextfm ec-iwonar-20
mktextfm pplr9e+80ls+20
mktextfm pplr9e+80ls-20
mktextfm pplr9e-20
mktextfm pplrc9e+80ls+20
mktextfm pplrc9e+80ls-20
mktextfm pplrc9e-20
mktextfm pplr9e+20
mktextfm pplr9e-20
mktextfm pplr9e+20
mktextfm pplr9e-20
mktextfm pplr9e+20
mktextfm pplr9e-20
mktextfm pplr9e+20
mktextfm pplr9e-20
mktextfm ec-iwonar+20
mktextfm ec-iwonar-20
mktextfm pplr9e+80ls+20
mktextfm pplr9e+80ls-20
mktextfm pplr9e-20
mktextfm pplrc9e+80ls+20
mktextfm pplrc9e+80ls-20
mktextfm pplrc9e-20
mktextfm pplr9e+20
mktextfm pplr9e-20
mktextfm pplr9e+20
mktextfm pplr9e-20
mktextfm pplr9e+20
mktextfm pplr9e-20
mktextfm pplr9e+20
mktextfm pplr9e-20
mktextfm ec-iwonar+20
mktextfm ec-iwonar-20
mktextfm pplr9e+80ls+20
mktextfm pplr9e+80ls-20
mktextfm pplr9e-20
mktextfm pplrc9e+80ls+20
mktextfm pplrc9e+80ls-20
mktextfm pplrc9e-20
mktextfm pplr9e+20
mktextfm pplr9e-20
mktextfm pplr9e+20
mktextfm pplr9e-20
mktextfm pplr9e+20
mktextfm pplr9e-20
mktextfm pplr9e+20
mktextfm pplr9e-20
mktextfm pplr9e+20
mktextfm pplr9e-20
mktextfm ec-iwonar+20
mktextfm ec-iwonar-20
mktextfm pplr9e+80ls+20
mktextfm pplr9e+80ls-20
mktextfm pplr9e-20
mktextfm pplrc9e+80ls+20
mktextfm pplrc9e+80ls-20
mktextfm pplrc9e-20
mktextfm pplr9e+20
mktextfm pplr9e-20
mktextfm pplr9e+20
mktextfm pplr9e-20
mktextfm pplr9e+20
mktextfm pplr9e-20
mktextfm ec-iwonar+20
mktextfm ec-iwonar-20
mktextfm pplr9e+80ls+20
mktextfm pplr9e+80ls-20
mktextfm pplr9e-20
mktextfm pplrc9e+80ls+20
mktextfm pplrc9e+80ls-20
mktextfm pplrc9e-20
mktextfm pplr9e+20
mktextfm pplr9e-20
mktextfm pplr9e+20
mktextfm pplr9e-20
mktextfm pplr9e+20
mktextfm pplr9e-20
mktextfm pplr9e+20
mktextfm pplr9e-20
mktextfm ec-iwonar+20
mktextfm ec-iwonar-20
mktextfm pplr9e+80ls+20
mktextfm pplr9e+80ls-20
mktextfm pplr9e-20
mktextfm pplrc9e+80ls+20
mktextfm pplrc9e+80ls-20
mktextfm pplrc9e-20
mktextfm pplr9e+20
mktextfm pplr9e-20
mktextfm pplr9e+20
mktextfm pplr9e-20
mktextfm pplr9e+20
mktextfm pplr9e-20
mktextfm pplr9e+20
mktextfm pplr9e-20
mktextfm pplr9e+20
mktextfm pplr9e-20
mktextfm ec-iwonar+20
mktextfm ec-iwonar-20
mktextfm pplr9e+80ls+20
mktextfm pplr9e+80ls-20
mktextfm pplr9e-20
mktextfm pplrc9e+80ls+20
mktextfm pplrc9e+80ls-20
mktextfm pplrc9e-20
mktextfm pplr9e+20
mktextfm pplr9e-20
mktextfm pplr9e+20
mktextfm pplr9e-20
mktextfm pplr9e+20
mktextfm pplr9e-20
mktextfm ec-iwonar+20
mktextfm ec-iwonar-20
mktextfm pplr9e+80ls+20
mktextfm pplr9e+80ls-20
mktextfm pplr9e-20
mktextfm pplrc9e+80ls+20
mktextfm pplrc9e+80ls-20
mktextfm pplrc9e-20
mktextfm pplr9e+20
mktextfm pplr9e-20
mktextfm pplr9e+20
mktextfm pplr9e-20
mktextfm pplr9e+20
mktextfm pplr9e-20
mktextfm pplr9e+20
mktextfm pplr9e-20
mktextfm ec-iwonar+20
mktextfm ec-iwonar-20
mktextfm pplr9e+80ls+20
mktextfm pplr9e+80ls-20
mktextfm pplr9e-20
mktextfm pplrc9e+80ls+20
mktextfm pplrc9e+80ls-20
mktextfm pplrc9e-20
mktextfm pplr9e+20
mktextfm pplr9e-20
mktextfm pplr9e+20
mktextfm pplr9e-20
mktextfm pplr9e+20
mktextfm pplr9e-20
mktextfm pplr9e+20
mktextfm pplr9e-20
mktextfm pplr9e+20
mktextfm pplr9e-20
mktextfm ec-iwonar+20
mktextfm ec-iwonar-20
mktextfm pplr9e+80ls+20
mktextfm pplr9e+80ls-20
mktextfm pplr9e-20
mktextfm pplrc9e+80ls+20
mktextfm pplrc9e+80ls-20
mktextfm pplrc9e-20
mktextfm pplr9e+20
mktextfm pplr9e-20
mktextfm pplr9e+20
mktextfm pplr9e-20
mktextfm pplr9e+20
mktextfm pplr9e-20
mktextfm ec-iwonar+20
mktextfm ec-iwonar-20
mktextfm pplr9e+80ls+20
mktextfm pplr9e+80ls-20
mktextfm pplr9e-20
mktextfm pplrc9e+80ls+20
mktextfm pplrc9e+80ls-20
mktextfm pplrc9e-20
mktextfm pplr9e+20
mktextfm pplr9e-20
mktextfm pplr9e+20
mktextfm pplr9e-20
mktextfm pplr9e+20
mktextfm pplr9e-20
mktextfm pplr9e+20
mktextfm pplr9e-20
mktextfm ec-iwonar+20
mktextfm ec-iwonar-20
mktextfm pplr9e+80ls+20
mktextfm pplr9e+80ls-20
mktextfm pplr9e-20
mktextfm pplrc9e+80ls+20
mktextfm pplrc9e+80ls-20
mktextfm pplrc9e-20
mktextfm pplr9e+20
mktextfm pplr9e-20
mktextfm pplr9e
mktextfm pplr9e
mktextfm pplr9e
mktextfm pplr9e
